F:\CHEACHEAVPOR_FROM_101\COLLAPSE\RESILIENT EVALUATION\MAIN\MAIN\MAIN\DEBUG\MAIN.OBJ
F:\CHEACHEAVPOR_FROM_101\COLLAPSE\RESILIENT EVALUATION\MAIN\MAIN\MAIN\DEBUG\VC110.PDB
F:\CHEACHEAVPOR_FROM_101\COLLAPSE\RESILIENT EVALUATION\MAIN\MAIN\DEBUG\MAIN.ILK
F:\CHEACHEAVPOR_FROM_101\COLLAPSE\RESILIENT EVALUATION\MAIN\MAIN\DEBUG\MAIN.EXE
F:\CHEACHEAVPOR_FROM_101\COLLAPSE\RESILIENT EVALUATION\MAIN\MAIN\DEBUG\MAIN.PDB
F:\CHEACHEAVPOR_from_101\Collapse\resilient evaluation\main\main\main\Debug\main.obj
F:\CHEACHEAVPOR_from_101\Collapse\resilient evaluation\main\main\main\Debug\cl.command.1.tlog
F:\CHEACHEAVPOR_from_101\Collapse\resilient evaluation\main\main\main\Debug\CL.read.1.tlog
F:\CHEACHEAVPOR_from_101\Collapse\resilient evaluation\main\main\main\Debug\CL.write.1.tlog
F:\CHEACHEAVPOR_from_101\Collapse\resilient evaluation\main\main\main\Debug\link-cvtres.read.1.tlog
F:\CHEACHEAVPOR_from_101\Collapse\resilient evaluation\main\main\main\Debug\link-cvtres.write.1.tlog
F:\CHEACHEAVPOR_from_101\Collapse\resilient evaluation\main\main\main\Debug\link-rc.read.1.tlog
F:\CHEACHEAVPOR_from_101\Collapse\resilient evaluation\main\main\main\Debug\link-rc.write.1.tlog
F:\CHEACHEAVPOR_from_101\Collapse\resilient evaluation\main\main\main\Debug\link.command.1.tlog
F:\CHEACHEAVPOR_from_101\Collapse\resilient evaluation\main\main\main\Debug\link.read.1.tlog
F:\CHEACHEAVPOR_from_101\Collapse\resilient evaluation\main\main\main\Debug\link.write.1.tlog
F:\CHEACHEAVPOR_from_101\Collapse\resilient evaluation\main\main\main\Debug\vc110.idb
F:\CHEACHEAVPOR_from_101\Collapse\resilient evaluation\main\main\main\Debug\vc110.pdb
F:\CHEACHEAVPOR_from_101\Collapse\resilient evaluation\main\main\Debug\main.pdb
F:\CHEACHEAVPOR_from_101\Collapse\resilient evaluation\main\main\Debug\main.exe
F:\CHEACHEAVPOR_from_101\Collapse\resilient evaluation\main\main\Debug\main.ilk
