2019-05-11 16:11:53 > wxlCmdMngr log system started.
2019-05-11 16:11:57 > Loading plugin "PMSRW.dll".
2019-05-11 16:11:57 > PMSRW.dll Loaded.
2019-05-11 16:11:57 > Loading plugin "PM3J.dll".
2019-05-11 16:11:57 > PM3J.dll Loaded.
2019-05-11 16:11:57 > Loading plugin "PM3J_UL.dll".
2019-05-11 16:11:57 > PM3J_UL.dll Loaded.
2019-05-11 16:11:57 > Loading plugin "PmsrwAddin.dll".
2019-05-11 16:11:57 > PmsrwAddin.dll Loaded.
2019-05-11 16:11:57 > Loading plugin "PM3N.dll".
2019-05-11 16:11:57 > PM3N.dll Loaded.
2019-05-11 16:11:57 > Loading plugin "PM3N_UL.dll".
2019-05-11 16:11:57 > PM3N_UL.dll Loaded.
2019-05-11 16:11:58 > Loading plugin "PMSRWZW.dll".
2019-05-11 16:11:58 > PMSRWZW.dll Loaded.
2019-05-11 16:11:58 > Loading plugin "CranePMBZ.dll".
2019-05-11 16:11:58 > CranePMBZ.dll Loaded.
2019-05-11 16:11:58 > Loading plugin "PMSRWZHLG.dll".
2019-05-11 16:11:58 > PMSRWZHLG.dll Loaded.
2019-05-11 16:11:58 > Loading plugin "Pmsrwjg.dll".
2019-05-11 16:11:58 > Pmsrwjg.dll Loaded.
2019-05-11 16:11:58 > Loading plugin "lyColumSteel.dll".
2019-05-11 16:11:58 > lyColumSteel.dll Loaded.
2019-05-11 16:11:58 > Run Command: MODEL_GEN_IN(0)
2019-05-11 16:12:01 > Run Command:   CLOSESLP(0)
2019-05-11 16:12:04 > PMSRWJG.DLL UnLoaded.
2019-05-11 16:12:04 > PM3N.DLL UnLoaded.
2019-05-11 16:12:04 > PMSRWZW.DLL UnLoaded.
2019-05-11 16:12:04 > CRANEPMBZ.DLL UnLoaded.
2019-05-11 16:12:04 > PMSRWADDIN.DLL UnLoaded.
2019-05-11 16:12:04 > LYCOLUMSTEEL.DLL UnLoaded.
2019-05-11 16:12:04 > PM3J.DLL UnLoaded.
