2019-05-11 15:56:39 > wxlCmdMngr log system started.
2019-05-11 15:56:43 > Loading plugin "PMSRW.dll".
2019-05-11 15:56:43 > PMSRW.dll Loaded.
2019-05-11 15:56:43 > Loading plugin "PM3J.dll".
2019-05-11 15:56:43 > PM3J.dll Loaded.
2019-05-11 15:56:43 > Loading plugin "PM3J_UL.dll".
2019-05-11 15:56:43 > PM3J_UL.dll Loaded.
2019-05-11 15:56:43 > Loading plugin "PmsrwAddin.dll".
2019-05-11 15:56:43 > PmsrwAddin.dll Loaded.
2019-05-11 15:56:43 > Loading plugin "PM3N.dll".
2019-05-11 15:56:43 > PM3N.dll Loaded.
2019-05-11 15:56:43 > Loading plugin "PM3N_UL.dll".
2019-05-11 15:56:43 > PM3N_UL.dll Loaded.
2019-05-11 15:56:43 > Loading plugin "PMSRWZW.dll".
2019-05-11 15:56:43 > PMSRWZW.dll Loaded.
2019-05-11 15:56:43 > Loading plugin "CranePMBZ.dll".
2019-05-11 15:56:43 > CranePMBZ.dll Loaded.
2019-05-11 15:56:43 > Loading plugin "PMSRWZHLG.dll".
2019-05-11 15:56:43 > PMSRWZHLG.dll Loaded.
2019-05-11 15:56:43 > Loading plugin "Pmsrwjg.dll".
2019-05-11 15:56:43 > Pmsrwjg.dll Loaded.
2019-05-11 15:56:44 > Loading plugin "lyColumSteel.dll".
2019-05-11 15:56:44 > lyColumSteel.dll Loaded.
2019-05-11 15:56:45 > Run Command: MODEL_GEN_IN(0)
2019-05-11 15:58:52 > Run Command:   CLOSESLP(0)
2019-05-11 15:58:56 > PMSRWJG.DLL UnLoaded.
2019-05-11 15:58:56 > PM3N.DLL UnLoaded.
2019-05-11 15:58:56 > PMSRWZW.DLL UnLoaded.
2019-05-11 15:58:56 > CRANEPMBZ.DLL UnLoaded.
2019-05-11 15:58:56 > PMSRWADDIN.DLL UnLoaded.
2019-05-11 15:58:56 > LYCOLUMSTEEL.DLL UnLoaded.
2019-05-11 15:58:56 > PM3J.DLL UnLoaded.
