F:\CHEACHEAVPOR_FROM_101\RESILIENCEV1.3\RESILIENCE\MAIN\MAIN\MAIN\X64\RELEASE\WALL_DAMAGE_STATUS.OBJ
F:\CHEACHEAVPOR_FROM_101\RESILIENCEV1.3\RESILIENCE\MAIN\MAIN\MAIN\X64\RELEASE\STAT.OBJ
F:\CHEACHEAVPOR_FROM_101\RESILIENCEV1.3\RESILIENCE\MAIN\MAIN\MAIN\X64\RELEASE\NONSTRUCTURE_DAMAGE_STATUS.OBJ
F:\CHEACHEAVPOR_FROM_101\RESILIENCEV1.3\RESILIENCE\MAIN\MAIN\MAIN\X64\RELEASE\MONTE_CARLO.OBJ
F:\CHEACHEAVPOR_FROM_101\RESILIENCEV1.3\RESILIENCE\MAIN\MAIN\MAIN\X64\RELEASE\MAIN.OBJ
F:\CHEACHEAVPOR_FROM_101\RESILIENCEV1.3\RESILIENCE\MAIN\MAIN\MAIN\X64\RELEASE\COUPLINGBEAM_DAMAGE_STATUS.OBJ
F:\CHEACHEAVPOR_FROM_101\RESILIENCEV1.3\RESILIENCE\MAIN\MAIN\MAIN\X64\RELEASE\COLUMN_DAMAGE_STATUS.OBJ
F:\CHEACHEAVPOR_FROM_101\RESILIENCEV1.3\RESILIENCE\MAIN\MAIN\MAIN\X64\RELEASE\BEAM_DAMAGE_STATUS.OBJ
F:\CHEACHEAVPOR_FROM_101\RESILIENCEV1.3\RESILIENCE\MAIN\MAIN\MAIN\X64\RELEASE\VC110.PDB
F:\CHEACHEAVPOR_FROM_101\RESILIENCEV1.3\RESILIENCE\RESILIENT_EVALUATION\韧性评价源代码\MAIN\X64\RELEASE\WALL_DAMAGE_STATUS.OBJ
F:\CHEACHEAVPOR_FROM_101\RESILIENCEV1.3\RESILIENCE\RESILIENT_EVALUATION\韧性评价源代码\MAIN\X64\RELEASE\STAT.OBJ
F:\CHEACHEAVPOR_FROM_101\RESILIENCEV1.3\RESILIENCE\RESILIENT_EVALUATION\韧性评价源代码\MAIN\X64\RELEASE\NONSTRUCTURE_DAMAGE_STATUS.OBJ
F:\CHEACHEAVPOR_FROM_101\RESILIENCEV1.3\RESILIENCE\RESILIENT_EVALUATION\韧性评价源代码\MAIN\X64\RELEASE\MONTE_CARLO.OBJ
F:\CHEACHEAVPOR_FROM_101\RESILIENCEV1.3\RESILIENCE\RESILIENT_EVALUATION\韧性评价源代码\MAIN\X64\RELEASE\MAIN.OBJ
F:\CHEACHEAVPOR_FROM_101\RESILIENCEV1.3\RESILIENCE\RESILIENT_EVALUATION\韧性评价源代码\MAIN\X64\RELEASE\COUPLINGBEAM_DAMAGE_STATUS.OBJ
F:\CHEACHEAVPOR_FROM_101\RESILIENCEV1.3\RESILIENCE\RESILIENT_EVALUATION\韧性评价源代码\MAIN\X64\RELEASE\COLUMN_DAMAGE_STATUS.OBJ
F:\CHEACHEAVPOR_FROM_101\RESILIENCEV1.3\RESILIENCE\RESILIENT_EVALUATION\韧性评价源代码\MAIN\X64\RELEASE\BEAM_DAMAGE_STATUS.OBJ
F:\CHEACHEAVPOR_FROM_101\RESILIENCEV1.3\RESILIENCE\RESILIENT_EVALUATION\韧性评价源代码\MAIN\X64\RELEASE\VC110.PDB
F:\CHEACHEAVPOR_FROM_101\RESILIENCEV1.3\RESILIENCE\MAIN\MAIN\X64\RELEASE\MAIN.EXE
F:\CHEACHEAVPOR_FROM_101\RESILIENCEV1.3\RESILIENCE\MAIN\MAIN\X64\RELEASE\MAIN.PDB
F:\CHEACHEAVPOR_FROM_101\RESILIENCEV1.3\RESILIENCE\RESILIENT_EVALUATION\韧性评价源代码\X64\RELEASE\MAIN.EXE
F:\CHEACHEAVPOR_FROM_101\RESILIENCEV1.3\RESILIENCE\RESILIENT_EVALUATION\韧性评价源代码\X64\RELEASE\MAIN.PDB
F:\CHEACHEAVPOR_from_101\resiliencev1.3\resilience\resilient_evaluation\韧性评价源代码\main\x64\Release\beam_damage_status.obj
F:\CHEACHEAVPOR_from_101\resiliencev1.3\resilience\resilient_evaluation\韧性评价源代码\main\x64\Release\column_damage_status.obj
F:\CHEACHEAVPOR_from_101\resiliencev1.3\resilience\resilient_evaluation\韧性评价源代码\main\x64\Release\couplingbeam_damage_status.obj
F:\CHEACHEAVPOR_from_101\resiliencev1.3\resilience\resilient_evaluation\韧性评价源代码\main\x64\Release\main.obj
F:\CHEACHEAVPOR_from_101\resiliencev1.3\resilience\resilient_evaluation\韧性评价源代码\main\x64\Release\monte_carlo.obj
F:\CHEACHEAVPOR_from_101\resiliencev1.3\resilience\resilient_evaluation\韧性评价源代码\main\x64\Release\nonstructure_damage_status.obj
F:\CHEACHEAVPOR_from_101\resiliencev1.3\resilience\resilient_evaluation\韧性评价源代码\main\x64\Release\stat.obj
F:\CHEACHEAVPOR_from_101\resiliencev1.3\resilience\resilient_evaluation\韧性评价源代码\main\x64\Release\wall_damage_status.obj
F:\CHEACHEAVPOR_from_101\resiliencev1.3\resilience\resilient_evaluation\韧性评价源代码\main\x64\Release\cl.command.1.tlog
F:\CHEACHEAVPOR_from_101\resiliencev1.3\resilience\resilient_evaluation\韧性评价源代码\main\x64\Release\CL.read.1.tlog
F:\CHEACHEAVPOR_from_101\resiliencev1.3\resilience\resilient_evaluation\韧性评价源代码\main\x64\Release\CL.write.1.tlog
F:\CHEACHEAVPOR_from_101\resiliencev1.3\resilience\resilient_evaluation\韧性评价源代码\main\x64\Release\link-cvtres.read.1.tlog
F:\CHEACHEAVPOR_from_101\resiliencev1.3\resilience\resilient_evaluation\韧性评价源代码\main\x64\Release\link-cvtres.write.1.tlog
F:\CHEACHEAVPOR_from_101\resiliencev1.3\resilience\resilient_evaluation\韧性评价源代码\main\x64\Release\link-rc.read.1.tlog
F:\CHEACHEAVPOR_from_101\resiliencev1.3\resilience\resilient_evaluation\韧性评价源代码\main\x64\Release\link-rc.write.1.tlog
F:\CHEACHEAVPOR_from_101\resiliencev1.3\resilience\resilient_evaluation\韧性评价源代码\main\x64\Release\link.command.1.tlog
F:\CHEACHEAVPOR_from_101\resiliencev1.3\resilience\resilient_evaluation\韧性评价源代码\main\x64\Release\link.read.1.tlog
F:\CHEACHEAVPOR_from_101\resiliencev1.3\resilience\resilient_evaluation\韧性评价源代码\main\x64\Release\link.read.2.tlog
F:\CHEACHEAVPOR_from_101\resiliencev1.3\resilience\resilient_evaluation\韧性评价源代码\main\x64\Release\link.read.5.tlog
F:\CHEACHEAVPOR_from_101\resiliencev1.3\resilience\resilient_evaluation\韧性评价源代码\main\x64\Release\link.write.1.tlog
F:\CHEACHEAVPOR_from_101\resiliencev1.3\resilience\resilient_evaluation\韧性评价源代码\main\x64\Release\vc110.pdb
F:\CHEACHEAVPOR_from_101\resiliencev1.3\resilience\resilient_evaluation\韧性评价源代码\x64\Release\main.pdb
F:\CHEACHEAVPOR_from_101\resiliencev1.3\resilience\resilient_evaluation\韧性评价源代码\x64\Release\main.exe
