F:\CHEACHEAVPOR_FROM_101\RESILIENCE\RESILIENCE\MAIN\MAIN\MAIN\X64\DEBUG\BEAM_DAMAGE_STATUS.OBJ
F:\CHEACHEAVPOR_FROM_101\RESILIENCE\RESILIENCE\MAIN\MAIN\MAIN\X64\DEBUG\COLUMN_DAMAGE_STATUS.OBJ
F:\CHEACHEAVPOR_FROM_101\RESILIENCE\RESILIENCE\MAIN\MAIN\MAIN\X64\DEBUG\COUPLINGBEAM_DAMAGE_STATUS.OBJ
F:\CHEACHEAVPOR_FROM_101\RESILIENCE\RESILIENCE\MAIN\MAIN\MAIN\X64\DEBUG\MAIN.OBJ
F:\CHEACHEAVPOR_FROM_101\RESILIENCE\RESILIENCE\MAIN\MAIN\MAIN\X64\DEBUG\MONTE_CARLO.OBJ
F:\CHEACHEAVPOR_FROM_101\RESILIENCE\RESILIENCE\MAIN\MAIN\MAIN\X64\DEBUG\NONSTRUCTURE_DAMAGE_STATUS.OBJ
F:\CHEACHEAVPOR_FROM_101\RESILIENCE\RESILIENCE\MAIN\MAIN\MAIN\X64\DEBUG\STAT.OBJ
F:\CHEACHEAVPOR_FROM_101\RESILIENCE\RESILIENCE\MAIN\MAIN\MAIN\X64\DEBUG\WALL_DAMAGE_STATUS.OBJ
F:\CHEACHEAVPOR_FROM_101\RESILIENCE\RESILIENCE\MAIN\MAIN\MAIN\X64\DEBUG\VC110.PDB
F:\CHEACHEAVPOR_FROM_101\RESILIENCE\RESILIENCE\MAIN\MAIN\X64\DEBUG\MAIN.ILK
F:\CHEACHEAVPOR_FROM_101\RESILIENCE\RESILIENCE\MAIN\MAIN\X64\DEBUG\MAIN.EXE
F:\CHEACHEAVPOR_FROM_101\RESILIENCE\RESILIENCE\MAIN\MAIN\X64\DEBUG\MAIN.PDB
F:\CHEACHEAVPOR_from_101\resilience\resilience\main\main\main\x64\Debug\beam_damage_status.obj
F:\CHEACHEAVPOR_from_101\resilience\resilience\main\main\main\x64\Debug\column_damage_status.obj
F:\CHEACHEAVPOR_from_101\resilience\resilience\main\main\main\x64\Debug\couplingbeam_damage_status.obj
F:\CHEACHEAVPOR_from_101\resilience\resilience\main\main\main\x64\Debug\main.obj
F:\CHEACHEAVPOR_from_101\resilience\resilience\main\main\main\x64\Debug\monte_carlo.obj
F:\CHEACHEAVPOR_from_101\resilience\resilience\main\main\main\x64\Debug\nonstructure_damage_status.obj
F:\CHEACHEAVPOR_from_101\resilience\resilience\main\main\main\x64\Debug\stat.obj
F:\CHEACHEAVPOR_from_101\resilience\resilience\main\main\main\x64\Debug\wall_damage_status.obj
F:\CHEACHEAVPOR_from_101\resilience\resilience\main\main\main\x64\Debug\cl.command.1.tlog
F:\CHEACHEAVPOR_from_101\resilience\resilience\main\main\main\x64\Debug\CL.read.1.tlog
F:\CHEACHEAVPOR_from_101\resilience\resilience\main\main\main\x64\Debug\CL.write.1.tlog
F:\CHEACHEAVPOR_from_101\resilience\resilience\main\main\main\x64\Debug\link-cvtres.read.1.tlog
F:\CHEACHEAVPOR_from_101\resilience\resilience\main\main\main\x64\Debug\link-cvtres.write.1.tlog
F:\CHEACHEAVPOR_from_101\resilience\resilience\main\main\main\x64\Debug\link-rc.read.1.tlog
F:\CHEACHEAVPOR_from_101\resilience\resilience\main\main\main\x64\Debug\link-rc.write.1.tlog
F:\CHEACHEAVPOR_from_101\resilience\resilience\main\main\main\x64\Debug\link.command.1.tlog
F:\CHEACHEAVPOR_from_101\resilience\resilience\main\main\main\x64\Debug\link.read.1.tlog
F:\CHEACHEAVPOR_from_101\resilience\resilience\main\main\main\x64\Debug\link.write.1.tlog
F:\CHEACHEAVPOR_from_101\resilience\resilience\main\main\main\x64\Debug\vc110.idb
F:\CHEACHEAVPOR_from_101\resilience\resilience\main\main\main\x64\Debug\vc110.pdb
F:\CHEACHEAVPOR_from_101\resilience\resilience\main\main\x64\Debug\main.pdb
F:\CHEACHEAVPOR_from_101\resilience\resilience\main\main\x64\Debug\main.exe
F:\CHEACHEAVPOR_from_101\resilience\resilience\main\main\x64\Debug\main.ilk
